<?xml version="1.0" encoding="UTF-8"?>
<!-- Generated by org.testng.reporters.JUnitReportReporter -->
<testsuite skipped="0" hostname="HDB-20190422TYC" name="com.apis.AddUser" tests="1" failures="0" timestamp="2019-07-21T14:37:08 CST" time="1.278" errors="0">
  <testcase name="adduser" time="1.278" classname="com.apis.AddUser"/>
</testsuite> <!-- com.apis.AddUser -->
