<?xml version="1.0" encoding="UTF-8"?>
<!-- Generated by org.testng.reporters.JUnitReportReporter -->
<testsuite skipped="0" hostname="HDB-20190422TYC" name="com.apis.add.AddUser" tests="1" failures="0" timestamp="2019-09-06T16:50:56 CST" time="1.659" errors="0">
  <testcase name="adduser" time="1.659" classname="com.apis.add.AddUser"/>
</testsuite> <!-- com.apis.add.AddUser -->
