<?xml version="1.0" encoding="UTF-8"?>
<!-- Generated by org.testng.reporters.JUnitReportReporter -->
<testsuite skipped="0" hostname="HDB-20190422TYC" name="com.apis.add.AddUser" tests="1" failures="0" timestamp="2019-09-06T17:19:10 CST" time="0.701" errors="0">
  <testcase name="adduser" time="0.701" classname="com.apis.add.AddUser"/>
</testsuite> <!-- com.apis.add.AddUser -->
